<?xml version="1.0" encoding="UTF-8"?>
<testsuite name="gremlins.StoneTileTest" tests="1" skipped="0" failures="0" errors="0" timestamp="2022-10-27T02:44:46" hostname="nadyas-mbp.student.wireless.sydney.edu.au" time="0.001">
  <properties/>
  <testcase name="constructorTest()" classname="gremlins.StoneTileTest" time="0.001"/>
  <system-out><![CDATA[]]></system-out>
  <system-err><![CDATA[]]></system-err>
</testsuite>
