<?xml version="1.0" encoding="UTF-8"?>
<testsuite name="gremlins.GameMapTest" tests="6" skipped="0" failures="0" errors="0" timestamp="2022-10-27T02:44:46" hostname="nadyas-mbp.student.wireless.sydney.edu.au" time="0.021">
  <properties/>
  <testcase name="createObjectsTest()" classname="gremlins.GameMapTest" time="0.002"/>
  <testcase name="constructorTest1()" classname="gremlins.GameMapTest" time="0.002"/>
  <testcase name="constructorTest2()" classname="gremlins.GameMapTest" time="0.002"/>
  <testcase name="tickTest1()" classname="gremlins.GameMapTest" time="0.001"/>
  <testcase name="parseLayoutFileTest1()" classname="gremlins.GameMapTest" time="0.0"/>
  <testcase name="parseLayoutFileTest2()" classname="gremlins.GameMapTest" time="0.0"/>
  <system-out><![CDATA[File does not existFile does not existFile does not existFile does not existFile does not existFile does not existFile does not existFile does not exist]]></system-out>
  <system-err><![CDATA[]]></system-err>
</testsuite>
