<?xml version="1.0" encoding="UTF-8"?>
<testsuite name="gremlins.GameObjectTest" tests="4" skipped="0" failures="0" errors="0" timestamp="2022-10-27T02:44:46" hostname="nadyas-mbp.student.wireless.sydney.edu.au" time="0.002">
  <properties/>
  <testcase name="constructorTest()" classname="gremlins.GameObjectTest" time="0.0"/>
  <testcase name="constructor2Test()" classname="gremlins.GameObjectTest" time="0.0"/>
  <testcase name="constructor3Test()" classname="gremlins.GameObjectTest" time="0.001"/>
  <testcase name="constructor4Test()" classname="gremlins.GameObjectTest" time="0.0"/>
  <system-out><![CDATA[]]></system-out>
  <system-err><![CDATA[]]></system-err>
</testsuite>
